\BOOKMARK [1][-]{section.0.1}{Introduction}{}% 1
\BOOKMARK [1][-]{section.0.2}{Brief Table}{}% 2
\BOOKMARK [1][-]{section.0.3}{Analytic Report}{}% 3
\BOOKMARK [2][-]{subsection.0.3.1}{29/09/2020}{section.0.3}% 4
\BOOKMARK [2][-]{subsection.0.3.2}{6/10/2020}{section.0.3}% 5
\BOOKMARK [2][-]{subsection.0.3.3}{13/10/2020}{section.0.3}% 6
\BOOKMARK [2][-]{subsection.0.3.4}{20/10/2020}{section.0.3}% 7
\BOOKMARK [2][-]{subsection.0.3.5}{27/10/2020}{section.0.3}% 8
\BOOKMARK [2][-]{subsection.0.3.6}{03/11/2020}{section.0.3}% 9
\BOOKMARK [2][-]{subsection.0.3.7}{10/11/2020}{section.0.3}% 10
\BOOKMARK [2][-]{subsection.0.3.8}{17/11/2020}{section.0.3}% 11
\BOOKMARK [2][-]{subsection.0.3.9}{24/11/2020}{section.0.3}% 12
\BOOKMARK [2][-]{subsection.0.3.10}{1/12/2020}{section.0.3}% 13
\BOOKMARK [2][-]{subsection.0.3.11}{8/12/2020}{section.0.3}% 14
\BOOKMARK [2][-]{subsection.0.3.12}{11/01/2021}{section.0.3}% 15
\BOOKMARK [2][-]{subsection.0.3.13}{25/01/2021}{section.0.3}% 16
\BOOKMARK [2][-]{subsection.0.3.14}{01-02}{section.0.3}% 17
\BOOKMARK [2][-]{subsection.0.3.15}{08-02}{section.0.3}% 18
\BOOKMARK [2][-]{subsection.0.3.16}{16-02}{section.0.3}% 19
\BOOKMARK [2][-]{subsection.0.3.17}{23-02}{section.0.3}% 20
\BOOKMARK [2][-]{subsection.0.3.18}{29-03}{section.0.3}% 21
\BOOKMARK [2][-]{subsection.0.3.19}{12-04}{section.0.3}% 22
\BOOKMARK [2][-]{subsection.0.3.20}{19-04}{section.0.3}% 23
