\BOOKMARK [0][-]{chapter*.2}{Abstract}{}% 1
\BOOKMARK [0][-]{chapter.1}{Introduction}{}% 2
\BOOKMARK [0][-]{chapter.2}{Literature Review}{}% 3
\BOOKMARK [1][-]{section.2.1}{Introduction}{chapter.2}% 4
\BOOKMARK [1][-]{section.2.2}{Brief Table of books}{chapter.2}% 5
\BOOKMARK [1][-]{section.2.3}{Brief Table of papers}{chapter.2}% 6
\BOOKMARK [0][-]{chapter.3}{Requirement Analysis}{}% 7
\BOOKMARK [1][-]{section.3.1}{Introduction}{chapter.3}% 8
\BOOKMARK [1][-]{section.3.2}{Functional Requirements}{chapter.3}% 9
\BOOKMARK [1][-]{section.3.3}{Non Functional Requirements}{chapter.3}% 10
\BOOKMARK [0][-]{chapter.4}{Entity Relation Analysis}{}% 11
\BOOKMARK [1][-]{section.4.1}{Introduction}{chapter.4}% 12
\BOOKMARK [1][-]{section.4.2}{Entities}{chapter.4}% 13
\BOOKMARK [2][-]{subsection.4.2.1}{Scan}{section.4.2}% 14
\BOOKMARK [2][-]{subsection.4.2.2}{Patient}{section.4.2}% 15
\BOOKMARK [2][-]{subsection.4.2.3}{Doctor}{section.4.2}% 16
\BOOKMARK [2][-]{subsection.4.2.4}{Notification}{section.4.2}% 17
\BOOKMARK [1][-]{section.4.3}{Entity Relations}{chapter.4}% 18
\BOOKMARK [0][-]{chapter.5}{Users Perspective}{}% 19
\BOOKMARK [1][-]{section.5.1}{Introduction}{chapter.5}% 20
\BOOKMARK [1][-]{section.5.2}{Login and Authentication}{chapter.5}% 21
\BOOKMARK [1][-]{section.5.3}{Home}{chapter.5}% 22
\BOOKMARK [1][-]{section.5.4}{Navigation bar}{chapter.5}% 23
\BOOKMARK [2][-]{subsection.5.4.1}{Profile}{section.5.4}% 24
\BOOKMARK [2][-]{subsection.5.4.2}{Notifications}{section.5.4}% 25
\BOOKMARK [2][-]{subsection.5.4.3}{About}{section.5.4}% 26
\BOOKMARK [1][-]{section.5.5}{Action Bar}{chapter.5}% 27
\BOOKMARK [2][-]{subsection.5.5.1}{My Patients}{section.5.5}% 28
\BOOKMARK [2][-]{subsection.5.5.2}{New Patient}{section.5.5}% 29
\BOOKMARK [2][-]{subsection.5.5.3}{My Scans}{section.5.5}% 30
\BOOKMARK [2][-]{subsection.5.5.4}{New Scan}{section.5.5}% 31
\BOOKMARK [0][-]{chapter.6}{System Architecture}{}% 32
\BOOKMARK [1][-]{section.6.1}{Overview}{chapter.6}% 33
\BOOKMARK [2][-]{subsection.6.1.1}{Maintainability}{section.6.1}% 34
\BOOKMARK [2][-]{subsection.6.1.2}{Loosely coupled logic}{section.6.1}% 35
\BOOKMARK [2][-]{subsection.6.1.3}{Indepedently deployable services}{section.6.1}% 36
\BOOKMARK [2][-]{subsection.6.1.4}{No single point of failure}{section.6.1}% 37
\BOOKMARK [2][-]{subsection.6.1.5}{Flexible scaleability factor}{section.6.1}% 38
\BOOKMARK [2][-]{subsection.6.1.6}{Enchanced security}{section.6.1}% 39
\BOOKMARK [1][-]{section.6.2}{Frontend Web App}{chapter.6}% 40
\BOOKMARK [1][-]{section.6.3}{Backend}{chapter.6}% 41
\BOOKMARK [2][-]{subsection.6.3.1}{Information Backend}{section.6.3}% 42
\BOOKMARK [2][-]{subsection.6.3.2}{Task Backend}{section.6.3}% 43
\BOOKMARK [0][-]{chapter.7}{The Administrators Perspective}{}% 44
\BOOKMARK [1][-]{section.7.1}{Introduction}{chapter.7}% 45
\BOOKMARK [1][-]{section.7.2}{Administrator Panel}{chapter.7}% 46
\BOOKMARK [2][-]{subsection.7.2.1}{Admin Panel Login}{section.7.2}% 47
\BOOKMARK [2][-]{subsection.7.2.2}{Admin Panel Features}{section.7.2}% 48
\BOOKMARK [0][-]{chapter.8}{The Researchers Perspective}{}% 49
\BOOKMARK [1][-]{section.8.1}{Introduction}{chapter.8}% 50
\BOOKMARK [1][-]{section.8.2}{Researcher Panel}{chapter.8}% 51
\BOOKMARK [2][-]{subsection.8.2.1}{Login screen}{section.8.2}% 52
\BOOKMARK [2][-]{subsection.8.2.2}{Researcher Panel Features}{section.8.2}% 53
\BOOKMARK [0][-]{chapter.9}{The Frontend Application}{}% 54
\BOOKMARK [1][-]{section.9.1}{Introduction}{chapter.9}% 55
\BOOKMARK [1][-]{section.9.2}{Technology Stack}{chapter.9}% 56
\BOOKMARK [2][-]{subsection.9.2.1}{React}{section.9.2}% 57
\BOOKMARK [2][-]{subsection.9.2.2}{Boostrap}{section.9.2}% 58
\BOOKMARK [2][-]{subsection.9.2.3}{Axios Requests}{section.9.2}% 59
\BOOKMARK [2][-]{subsection.9.2.4}{Hansontable}{section.9.2}% 60
\BOOKMARK [0][-]{chapter.10}{The Application Programming Interface}{}% 61
\BOOKMARK [1][-]{section.10.1}{Introduction}{chapter.10}% 62
\BOOKMARK [2][-]{subsection.10.1.1}{Stateful Protocol}{section.10.1}% 63
\BOOKMARK [2][-]{subsection.10.1.2}{Json}{section.10.1}% 64
\BOOKMARK [2][-]{subsection.10.1.3}{HTTPS}{section.10.1}% 65
\BOOKMARK [2][-]{subsection.10.1.4}{RESTFull protocol}{section.10.1}% 66
\BOOKMARK [0][-]{chapter.11}{The Backend}{}% 67
\BOOKMARK [1][-]{section.11.1}{...}{chapter.11}% 68
\BOOKMARK [1][-]{section.11.2}{...}{chapter.11}% 69
\BOOKMARK [2][-]{subsection.11.2.1}{...}{section.11.2}% 70
\BOOKMARK [1][-]{section.11.3}{Summary}{chapter.11}% 71
\BOOKMARK [0][-]{chapter.12}{The Prediction Service}{}% 72
\BOOKMARK [1][-]{section.12.1}{...}{chapter.12}% 73
\BOOKMARK [1][-]{section.12.2}{...}{chapter.12}% 74
\BOOKMARK [2][-]{subsection.12.2.1}{...}{section.12.2}% 75
\BOOKMARK [1][-]{section.12.3}{Summary}{chapter.12}% 76
\BOOKMARK [0][-]{chapter.13}{CICD-Versioning-Deployment}{}% 77
\BOOKMARK [1][-]{section.13.1}{...}{chapter.13}% 78
\BOOKMARK [1][-]{section.13.2}{...}{chapter.13}% 79
\BOOKMARK [2][-]{subsection.13.2.1}{...}{section.13.2}% 80
\BOOKMARK [1][-]{section.13.3}{Summary}{chapter.13}% 81
\BOOKMARK [0][-]{chapter.14}{Starting The Application Locally}{}% 82
\BOOKMARK [1][-]{section.14.1}{...}{chapter.14}% 83
\BOOKMARK [1][-]{section.14.2}{...}{chapter.14}% 84
\BOOKMARK [2][-]{subsection.14.2.1}{...}{section.14.2}% 85
\BOOKMARK [1][-]{section.14.3}{Summary}{chapter.14}% 86
\BOOKMARK [0][-]{chapter.15}{Discussion, Conclusion and Future work}{}% 87
\BOOKMARK [1][-]{section.15.1}{...}{chapter.15}% 88
\BOOKMARK [1][-]{section.15.2}{...}{chapter.15}% 89
\BOOKMARK [2][-]{subsection.15.2.1}{...}{section.15.2}% 90
\BOOKMARK [1][-]{section.15.3}{Summary}{chapter.15}% 91
\BOOKMARK [0][-]{chapter.16}{Reflection}{}% 92
\BOOKMARK [1][-]{section.16.1}{...}{chapter.16}% 93
\BOOKMARK [1][-]{section.16.2}{...}{chapter.16}% 94
\BOOKMARK [2][-]{subsection.16.2.1}{...}{section.16.2}% 95
\BOOKMARK [1][-]{section.16.3}{Summary}{chapter.16}% 96
